quotedwithquotes   " holy crap, it contains \"masked quotes\" and 'single quotes'  "
<db>
    host   blah.blubber
</db>
quoted   "this one contains whitespace at the end    "
<beta>
    user1   hans
</beta>
<beta>
    user2   max
</beta>
message   <<EOF
yes. we are not here. you
  can reach us somewhere in
  outerspace.
EOF
passwd   sakkra
domain   nix.to
domain   b0fh.org
domain   foo.bar
user   tom
<cops officer>
    <randall>
        name   stein
        age   25
    </randall>
    <gordon>
        name   bird
        age   31
    </gordon>
</cops>
command   ssh -f -g orpheus.0x49.org -l azrael -L:34777samir.okir.da.ru:22 -L:31773:shane.sol1.rocket.de:22 'exec sleep 99999990'
